2025-06-06 20:38:44,387 - INFO - 启动有头模式
2025-06-06 20:38:44,387 - INFO - ====== WebDriver manager ======
2025-06-06 20:38:44,522 - INFO - Get LATEST chromedriver version for google-chrome
2025-06-06 20:38:45,119 - INFO - Get LATEST chromedriver version for google-chrome
2025-06-06 20:38:45,487 - INFO - Driver [/Users/zhouzhou/.wdm/drivers/chromedriver/mac64/137.0.7151.68/chromedriver-mac-arm64/chromedriver] found in cache
2025-06-06 20:38:46,512 - INFO - Chrome浏览器启动成功 (有头模式)
2025-06-06 20:40:03,993 - INFO - 启动有头模式
2025-06-06 20:40:03,993 - INFO - ====== WebDriver manager ======
2025-06-06 20:40:04,130 - INFO - Get LATEST chromedriver version for google-chrome
2025-06-06 20:40:04,631 - INFO - Get LATEST chromedriver version for google-chrome
2025-06-06 20:40:04,952 - INFO - Driver [/Users/zhouzhou/.wdm/drivers/chromedriver/mac64/137.0.7151.68/chromedriver-mac-arm64/chromedriver] found in cache
2025-06-06 20:40:06,004 - INFO - Chrome浏览器启动成功 (有头模式)
2025-06-06 20:40:37,286 - ERROR - 检查登录状态时出错: Message: no such window: target window already closed
from unknown error: web view not found
  (Session info: chrome=137.0.7151.57)
Stacktrace:
0   chromedriver                        0x00000001046ce654 cxxbridge1$str$ptr + 2723108
1   chromedriver                        0x00000001046c68c8 cxxbridge1$str$ptr + 2690968
2   chromedriver                        0x000000010421a714 cxxbridge1$string$len + 90428
3   chromedriver                        0x00000001041f4740 chromedriver + 132928
4   chromedriver                        0x00000001042899e4 cxxbridge1$string$len + 545804
5   chromedriver                        0x00000001042a2908 cxxbridge1$string$len + 647984
6   chromedriver                        0x00000001042559c8 cxxbridge1$string$len + 332784
7   chromedriver                        0x0000000104692278 cxxbridge1$str$ptr + 2476360
8   chromedriver                        0x000000010469550c cxxbridge1$str$ptr + 2489308
9   chromedriver                        0x0000000104673a64 cxxbridge1$str$ptr + 2351412
10  chromedriver                        0x0000000104695d94 cxxbridge1$str$ptr + 2491492
11  chromedriver                        0x0000000104664d58 cxxbridge1$str$ptr + 2290728
12  chromedriver                        0x00000001046b5d60 cxxbridge1$str$ptr + 2622512
13  chromedriver                        0x00000001046b5eec cxxbridge1$str$ptr + 2622908
14  chromedriver                        0x00000001046c6514 cxxbridge1$str$ptr + 2690020
15  libsystem_pthread.dylib             0x0000000180b85f94 _pthread_start + 136
16  libsystem_pthread.dylib             0x0000000180b80d34 thread_start + 8

2025-06-06 20:40:37,286 - INFO - 请在浏览器中手动完成登录...
2025-06-06 20:40:37,286 - INFO - 登录完成后，程序将自动继续执行
2025-06-06 20:40:37,287 - ERROR - 等待登录时出错: Message: no such window: target window already closed
from unknown error: web view not found
  (Session info: chrome=137.0.7151.57)
Stacktrace:
0   chromedriver                        0x00000001046ce654 cxxbridge1$str$ptr + 2723108
1   chromedriver                        0x00000001046c68c8 cxxbridge1$str$ptr + 2690968
2   chromedriver                        0x000000010421a714 cxxbridge1$string$len + 90428
3   chromedriver                        0x00000001041f4740 chromedriver + 132928
4   chromedriver                        0x00000001042899e4 cxxbridge1$string$len + 545804
5   chromedriver                        0x00000001042a2908 cxxbridge1$string$len + 647984
6   chromedriver                        0x00000001042559c8 cxxbridge1$string$len + 332784
7   chromedriver                        0x0000000104692278 cxxbridge1$str$ptr + 2476360
8   chromedriver                        0x000000010469550c cxxbridge1$str$ptr + 2489308
9   chromedriver                        0x0000000104673a64 cxxbridge1$str$ptr + 2351412
10  chromedriver                        0x0000000104695d94 cxxbridge1$str$ptr + 2491492
11  chromedriver                        0x0000000104664d58 cxxbridge1$str$ptr + 2290728
12  chromedriver                        0x00000001046b5d60 cxxbridge1$str$ptr + 2622512
13  chromedriver                        0x00000001046b5eec cxxbridge1$str$ptr + 2622908
14  chromedriver                        0x00000001046c6514 cxxbridge1$str$ptr + 2690020
15  libsystem_pthread.dylib             0x0000000180b85f94 _pthread_start + 136
16  libsystem_pthread.dylib             0x0000000180b80d34 thread_start + 8

2025-06-06 20:40:39,290 - ERROR - 等待登录时出错: Message: no such window: target window already closed
from unknown error: web view not found
  (Session info: chrome=137.0.7151.57)
Stacktrace:
0   chromedriver                        0x00000001046ce654 cxxbridge1$str$ptr + 2723108
1   chromedriver                        0x00000001046c68c8 cxxbridge1$str$ptr + 2690968
2   chromedriver                        0x000000010421a714 cxxbridge1$string$len + 90428
3   chromedriver                        0x00000001041f4740 chromedriver + 132928
4   chromedriver                        0x00000001042899e4 cxxbridge1$string$len + 545804
5   chromedriver                        0x00000001042a2908 cxxbridge1$string$len + 647984
6   chromedriver                        0x00000001042559c8 cxxbridge1$string$len + 332784
7   chromedriver                        0x0000000104692278 cxxbridge1$str$ptr + 2476360
8   chromedriver                        0x000000010469550c cxxbridge1$str$ptr + 2489308
9   chromedriver                        0x0000000104673a64 cxxbridge1$str$ptr + 2351412
10  chromedriver                        0x0000000104695d94 cxxbridge1$str$ptr + 2491492
11  chromedriver                        0x0000000104664d58 cxxbridge1$str$ptr + 2290728
12  chromedriver                        0x00000001046b5d60 cxxbridge1$str$ptr + 2622512
13  chromedriver                        0x00000001046b5eec cxxbridge1$str$ptr + 2622908
14  chromedriver                        0x00000001046c6514 cxxbridge1$str$ptr + 2690020
15  libsystem_pthread.dylib             0x0000000180b85f94 _pthread_start + 136
16  libsystem_pthread.dylib             0x0000000180b80d34 thread_start + 8

2025-06-06 20:40:51,647 - INFO - 启动有头模式
2025-06-06 20:40:51,647 - INFO - ====== WebDriver manager ======
2025-06-06 20:40:51,778 - INFO - Get LATEST chromedriver version for google-chrome
2025-06-06 20:40:52,090 - INFO - Get LATEST chromedriver version for google-chrome
2025-06-06 20:40:52,471 - INFO - Driver [/Users/zhouzhou/.wdm/drivers/chromedriver/mac64/137.0.7151.68/chromedriver-mac-arm64/chromedriver] found in cache
2025-06-06 20:40:53,629 - INFO - Chrome浏览器启动成功 (有头模式)
2025-06-06 20:40:57,718 - INFO - 检测到已登录状态
2025-06-06 20:40:57,718 - INFO - 开始自动化浏览，计划执行 5 个循环，点赞功能：禁用
2025-06-06 20:40:57,718 - INFO - 开始第 1 个循环
2025-06-06 20:41:02,121 - INFO - 选择帖子: 忠诚，可抵千万节点！
2025-06-06 20:41:05,180 - INFO - 开始浏览回复...
2025-06-06 20:41:25,229 - INFO - 检测到页面动态加载，继续滚动...
2025-06-06 20:41:34,809 - ERROR - 浏览回复时出错: Message: no such window: target window already closed
from unknown error: web view not found
  (Session info: chrome=137.0.7151.57)
Stacktrace:
0   chromedriver                        0x00000001006be654 cxxbridge1$str$ptr + 2723108
1   chromedriver                        0x00000001006b68c8 cxxbridge1$str$ptr + 2690968
2   chromedriver                        0x000000010020a714 cxxbridge1$string$len + 90428
3   chromedriver                        0x00000001001e4740 chromedriver + 132928
4   chromedriver                        0x00000001002799e4 cxxbridge1$string$len + 545804
5   chromedriver                        0x0000000100292908 cxxbridge1$string$len + 647984
6   chromedriver                        0x00000001002459c8 cxxbridge1$string$len + 332784
7   chromedriver                        0x0000000100682278 cxxbridge1$str$ptr + 2476360
8   chromedriver                        0x000000010068550c cxxbridge1$str$ptr + 2489308
9   chromedriver                        0x0000000100663a64 cxxbridge1$str$ptr + 2351412
10  chromedriver                        0x0000000100685d94 cxxbridge1$str$ptr + 2491492
11  chromedriver                        0x0000000100654d58 cxxbridge1$str$ptr + 2290728
12  chromedriver                        0x00000001006a5d60 cxxbridge1$str$ptr + 2622512
13  chromedriver                        0x00000001006a5eec cxxbridge1$str$ptr + 2622908
14  chromedriver                        0x00000001006b6514 cxxbridge1$str$ptr + 2690020
15  libsystem_pthread.dylib             0x0000000180b85f94 _pthread_start + 136
16  libsystem_pthread.dylib             0x0000000180b80d34 thread_start + 8

2025-06-06 20:41:34,809 - INFO - 帖子浏览完成
2025-06-06 20:41:34,809 - INFO - 第 1 个循环完成
2025-06-06 20:41:34,810 - INFO - 等待 6.1 秒后开始下一个循环
